<?xml version="1.0" encoding="UTF-8"?>
<!-- Generated by org.testng.reporters.JUnitReportReporter -->
<testsuite hostname="LAPTOP-O2HJQ38M" failures="0" tests="1" name="com.comcast.crm.campaign.CreateCampaign" time="33.333" errors="0" timestamp="2024-09-18T22:06:44 IST" skipped="0">
  <testcase classname="com.comcast.crm.campaign.CreateCampaign" name="createCampaign" time="33.333"/>
  <system-out/>
</testsuite> <!-- com.comcast.crm.campaign.CreateCampaign -->
