<?xml version="1.0" encoding="UTF-8"?>
<!-- Generated by org.testng.reporters.JUnitReportReporter -->
<testsuite hostname="LAPTOP-O2HJQ38M" failures="0" tests="1" name="practice.listener.RetrySampleTest" time="0.011" errors="0" timestamp="2024-09-21T10:05:47 IST" skipped="0">
  <testcase classname="practice.listener.RetrySampleTest" name="activateSim" time="0.011"/>
  <system-out/>
</testsuite> <!-- practice.listener.RetrySampleTest -->
