<?xml version="1.0" encoding="UTF-8"?>
<!-- Generated by org.testng.reporters.JUnitReportReporter -->
<testsuite hostname="LAPTOP-O2HJQ38M" failures="0" tests="6" name="com.comcast.crm.practiceBatchExeTest.Demo1Test" time="67.313" errors="0" timestamp="2024-09-19T10:50:19 IST" skipped="0">
  <testcase classname="com.comcast.crm.practiceBatchExeTest.Demo1Test" name="createB" time="11.476"/>
  <system-out/>
  <testcase classname="com.comcast.crm.practiceBatchExeTest.Demo1Test" name="createA" time="11.474"/>
  <system-out/>
  <testcase classname="com.comcast.crm.practiceBatchExeTest.Demo1Test" name="createB" time="11.330"/>
  <system-out/>
  <testcase classname="com.comcast.crm.practiceBatchExeTest.Demo1Test" name="createA" time="11.113"/>
  <system-out/>
  <testcase classname="com.comcast.crm.practiceBatchExeTest.Demo1Test" name="createC" time="11.089"/>
  <system-out/>
  <testcase classname="com.comcast.crm.practiceBatchExeTest.Demo1Test" name="createC" time="10.831"/>
  <system-out/>
</testsuite> <!-- com.comcast.crm.practiceBatchExeTest.Demo1Test -->
