<?xml version="1.0" encoding="UTF-8"?>
<!-- Generated by org.testng.reporters.JUnitReportReporter -->
<testsuite hostname="LAPTOP-O2HJQ38M" failures="0" tests="1" name="com.comcast.crm.orgTest.CreateOrgnisationTestTc_01" time="21.788" errors="0" timestamp="2024-09-28T13:17:31 IST" skipped="0">
  <testcase classname="com.comcast.crm.orgTest.CreateOrgnisationTestTc_01" name="createOrgWithindustry" time="21.788"/>
  <system-out/>
</testsuite> <!-- com.comcast.crm.orgTest.CreateOrgnisationTestTc_01 -->
