<?xml version="1.0" encoding="UTF-8"?>
<!-- Generated by org.testng.reporters.JUnitReportReporter -->
<testsuite hostname="LAPTOP-O2HJQ38M" failures="0" tests="3" name="practiceTest.GetProductInfoTest" time="38.745" errors="0" timestamp="2024-09-13T13:25:52 IST" skipped="0">
  <testcase classname="practiceTest.GetProductInfoTest" name="getProductInfoTest" time="12.025"/>
  <system-out/>
  <testcase classname="practiceTest.GetProductInfoTest" name="getProductInfoTest" time="14.797"/>
  <system-out/>
  <testcase classname="practiceTest.GetProductInfoTest" name="getProductInfoTest" time="11.923"/>
  <system-out/>
</testsuite> <!-- practiceTest.GetProductInfoTest -->
